<?xml version="1.0" encoding="UTF-8"?>
<testng-results ignored="2" total="3" passed="1" failed="0" skipped="0">
  <reporter-output>
  </reporter-output>
  <suite started-at="2022-09-23T12:29:47 PDT" name="Default suite" finished-at="2022-09-23T12:29:48 PDT" duration-ms="1682">
    <groups>
    </groups>
    <test started-at="2022-09-23T12:29:47 PDT" name="Default test" finished-at="2022-09-23T12:29:48 PDT" duration-ms="1682">
      <class name="GetReq">
        <test-method signature="test1_get1()[pri:0, instance:GetReq@52e677af]" started-at="2022-09-23T12:29:47 PDT" name="test1_get1" finished-at="2022-09-23T12:29:48 PDT" duration-ms="1649" status="PASS">
          <reporter-output>
          </reporter-output>
        </test-method> <!-- test1_get1 -->
      </class> <!-- GetReq -->
    </test> <!-- Default test -->
  </suite> <!-- Default suite -->
</testng-results>
