<?xml version="1.0" encoding="UTF-8"?>
<!-- Generated by org.testng.reporters.JUnitXMLReporter -->
<testsuite ignored="2" hostname="Divakar-MacBook-Pro.local" failures="0" tests="1" name="Default test" time="1.682" errors="0" timestamp="2022-09-23T12:29:48 PDT">
  <testcase classname="GetReq" name="test1_get1" time="1.649"/>
  <testcase classname="GetReq" name="test2_get2" time="0.0">
    <ignored/>
  </testcase> <!-- test2_get2 -->
  <testcase classname="GetReq" name="test2_GETdatahamcrest" time="0.0">
    <ignored/>
  </testcase> <!-- test2_GETdatahamcrest -->
</testsuite> <!-- Default test -->
